ERROR:root:Geocoding failed for Liberty Road, Oke Ado, Ibadan: Non-successful status code 403
ERROR:root:Geocoding failed for Orita Aperin Adeshola, Ibadan: HTTPSConnectionPool(host='nominatim.openstreetmap.org', port=443): Max retries exceeded with url: /search?q=Orita+Aperin+Adeshola%2C+Ibadan&format=json&limit=1 (Caused by ReadTimeoutError("HTTPSConnectionPool(host='nominatim.openstreetmap.org', port=443): Read timed out. (read timeout=1)"))
ERROR:root:Geocoding failed for Sango poly ibadan : HTTPSConnectionPool(host='nominatim.openstreetmap.org', port=443): Max retries exceeded with url: /search?q=Sango+poly+ibadan+&format=json&limit=1 (Caused by ReadTimeoutError("HTTPSConnectionPool(host='nominatim.openstreetmap.org', port=443): Read timed out. (read timeout=1)"))
ERROR:root:Geocoding failed for Along Ibadan-Abeokuta Road, Omi Onigbagbo, Ibadan : Non-successful status code 503
ERROR:root:Geocoding failed for Orita Aperin, Ibadan: Non-successful status code 503
ERROR:root:Geocoding failed for Adekile Orita Aperin Ibadan: Non-successful status code 503
ERROR:root:Geocoding failed for Adekile Orita Aperin Ibadan.: Non-successful status code 503
ERROR:root:Geocoding failed for Liberty Road, Oke Ado, Ibadan: Non-successful status code 403
ERROR:root:Geocoding failed for Orita Aperin Adeshola, Ibadan: HTTPSConnectionPool(host='nominatim.openstreetmap.org', port=443): Max retries exceeded with url: /search?q=Orita+Aperin+Adeshola%2C+Ibadan&format=json&limit=1 (Caused by ReadTimeoutError("HTTPSConnectionPool(host='nominatim.openstreetmap.org', port=443): Read timed out. (read timeout=1)"))
ERROR:root:Geocoding failed for Sango poly ibadan : HTTPSConnectionPool(host='nominatim.openstreetmap.org', port=443): Max retries exceeded with url: /search?q=Sango+poly+ibadan+&format=json&limit=1 (Caused by ReadTimeoutError("HTTPSConnectionPool(host='nominatim.openstreetmap.org', port=443): Read timed out. (read timeout=1)"))
ERROR:root:Geocoding failed for Along Ibadan-Abeokuta Road, Omi Onigbagbo, Ibadan : HTTPSConnectionPool(host='nominatim.openstreetmap.org', port=443): Max retries exceeded with url: /search?q=Along+Ibadan-Abeokuta+Road%2C+Omi+Onigbagbo%2C+Ibadan+&format=json&limit=1 (Caused by ReadTimeoutError("HTTPSConnectionPool(host='nominatim.openstreetmap.org', port=443): Read timed out. (read timeout=1)"))
ERROR:root:Geocoding failed for Orita Aperin, Ibadan: Non-successful status code 503
ERROR:root:Geocoding failed for Adekile Orita Aperin Ibadan: Non-successful status code 503
ERROR:root:Geocoding failed for Adekile Orita Aperin Ibadan.: Non-successful status code 503
ERROR:root:Geocoding failed for Liberty Road, Oke Ado, Ibadan: HTTPSConnectionPool(host='nominatim.openstreetmap.org', port=443): Max retries exceeded with url: /search?q=Liberty+Road%2C+Oke+Ado%2C+Ibadan&format=json&limit=1 (Caused by NameResolutionError("<urllib3.connection.HTTPSConnection object at 0x0000021A6C5443B0>: Failed to resolve 'nominatim.openstreetmap.org' ([Errno 11001] getaddrinfo failed)"))
ERROR:root:Geocoding failed for Orita Aperin Adeshola, Ibadan: HTTPSConnectionPool(host='nominatim.openstreetmap.org', port=443): Max retries exceeded with url: /search?q=Orita+Aperin+Adeshola%2C+Ibadan&format=json&limit=1 (Caused by NameResolutionError("<urllib3.connection.HTTPSConnection object at 0x0000021A6C2ADAF0>: Failed to resolve 'nominatim.openstreetmap.org' ([Errno 11001] getaddrinfo failed)"))
ERROR:root:Geocoding failed for Sango poly ibadan : HTTPSConnectionPool(host='nominatim.openstreetmap.org', port=443): Max retries exceeded with url: /search?q=Sango+poly+ibadan+&format=json&limit=1 (Caused by NameResolutionError("<urllib3.connection.HTTPSConnection object at 0x0000021A6C5215E0>: Failed to resolve 'nominatim.openstreetmap.org' ([Errno 11001] getaddrinfo failed)"))
ERROR:root:Geocoding failed for Along Ibadan-Abeokuta Road, Omi Onigbagbo, Ibadan : HTTPSConnectionPool(host='nominatim.openstreetmap.org', port=443): Max retries exceeded with url: /search?q=Along+Ibadan-Abeokuta+Road%2C+Omi+Onigbagbo%2C+Ibadan+&format=json&limit=1 (Caused by NameResolutionError("<urllib3.connection.HTTPSConnection object at 0x0000021A6C544230>: Failed to resolve 'nominatim.openstreetmap.org' ([Errno 11001] getaddrinfo failed)"))
ERROR:root:Geocoding failed for Orita Aperin, Ibadan: HTTPSConnectionPool(host='nominatim.openstreetmap.org', port=443): Max retries exceeded with url: /search?q=Orita+Aperin%2C+Ibadan&format=json&limit=1 (Caused by NameResolutionError("<urllib3.connection.HTTPSConnection object at 0x0000021A6C4E3770>: Failed to resolve 'nominatim.openstreetmap.org' ([Errno 11001] getaddrinfo failed)"))
ERROR:root:Geocoding failed for Adekile Orita Aperin Ibadan: HTTPSConnectionPool(host='nominatim.openstreetmap.org', port=443): Max retries exceeded with url: /search?q=Adekile+Orita+Aperin+Ibadan&format=json&limit=1 (Caused by NameResolutionError("<urllib3.connection.HTTPSConnection object at 0x0000021A6C520FE0>: Failed to resolve 'nominatim.openstreetmap.org' ([Errno 11001] getaddrinfo failed)"))
ERROR:root:Geocoding failed for Adekile Orita Aperin Ibadan.: HTTPSConnectionPool(host='nominatim.openstreetmap.org', port=443): Max retries exceeded with url: /search?q=Adekile+Orita+Aperin+Ibadan.&format=json&limit=1 (Caused by NameResolutionError("<urllib3.connection.HTTPSConnection object at 0x0000021A6C520440>: Failed to resolve 'nominatim.openstreetmap.org' ([Errno 11001] getaddrinfo failed)"))
